<?xml version="1.0" encoding="UTF-8"?>
<testsuite name="com.salonapi.salonapi.SalonApiApplicationTests" tests="1" skipped="0" failures="0" errors="0" timestamp="2020-09-20T15:53:57" hostname="LUK-PC0HADM5" time="0.079">
  <properties/>
  <testcase name="contextLoads()" classname="com.salonapi.salonapi.SalonApiApplicationTests" time="0.079"/>
  <system-out><![CDATA[16:53:51.618 [Test worker] DEBUG org.springframework.test.context.BootstrapUtils - Instantiating CacheAwareContextLoaderDelegate from class [org.springframework.test.context.cache.DefaultCacheAwareContextLoaderDelegate]
16:53:51.642 [Test worker] DEBUG org.springframework.test.context.BootstrapUtils - Instantiating BootstrapContext using constructor [public org.springframework.test.context.support.DefaultBootstrapContext(java.lang.Class,org.springframework.test.context.CacheAwareContextLoaderDelegate)]
16:53:51.675 [Test worker] DEBUG org.springframework.test.context.BootstrapUtils - Instantiating TestContextBootstrapper for test class [com.salonapi.salonapi.SalonApiApplicationTests] from class [org.springframework.boot.test.context.SpringBootTestContextBootstrapper]
16:53:51.704 [Test worker] INFO org.springframework.boot.test.context.SpringBootTestContextBootstrapper - Neither @ContextConfiguration nor @ContextHierarchy found for test class [com.salonapi.salonapi.SalonApiApplicationTests], using SpringBootContextLoader
16:53:51.709 [Test worker] DEBUG org.springframework.test.context.support.AbstractContextLoader - Did not detect default resource location for test class [com.salonapi.salonapi.SalonApiApplicationTests]: class path resource [com/salonapi/salonapi/SalonApiApplicationTests-context.xml] does not exist
16:53:51.711 [Test worker] DEBUG org.springframework.test.context.support.AbstractContextLoader - Did not detect default resource location for test class [com.salonapi.salonapi.SalonApiApplicationTests]: class path resource [com/salonapi/salonapi/SalonApiApplicationTestsContext.groovy] does not exist
16:53:51.711 [Test worker] INFO org.springframework.test.context.support.AbstractContextLoader - Could not detect default resource locations for test class [com.salonapi.salonapi.SalonApiApplicationTests]: no resource found for suffixes {-context.xml, Context.groovy}.
16:53:51.712 [Test worker] INFO org.springframework.test.context.support.AnnotationConfigContextLoaderUtils - Could not detect default configuration classes for test class [com.salonapi.salonapi.SalonApiApplicationTests]: SalonApiApplicationTests does not declare any static, non-private, non-final, nested classes annotated with @Configuration.
16:53:51.781 [Test worker] DEBUG org.springframework.test.context.support.ActiveProfilesUtils - Could not find an 'annotation declaring class' for annotation type [org.springframework.test.context.ActiveProfiles] and class [com.salonapi.salonapi.SalonApiApplicationTests]
16:53:51.889 [Test worker] DEBUG org.springframework.context.annotation.ClassPathScanningCandidateComponentProvider - Identified candidate component class: file [D:\Dev Projects\Spring tools 4 workspaces\salon-api\build\classes\java\main\com\salonapi\salonapi\SalonApiApplication.class]
16:53:51.897 [Test worker] INFO org.springframework.boot.test.context.SpringBootTestContextBootstrapper - Found @SpringBootConfiguration com.salonapi.salonapi.SalonApiApplication for test class com.salonapi.salonapi.SalonApiApplicationTests
16:53:52.111 [Test worker] DEBUG org.springframework.boot.test.context.SpringBootTestContextBootstrapper - @TestExecutionListeners is not present for class [com.salonapi.salonapi.SalonApiApplicationTests]: using defaults.
16:53:52.111 [Test worker] INFO org.springframework.boot.test.context.SpringBootTestContextBootstrapper - Loaded default TestExecutionListener class names from location [META-INF/spring.factories]: [org.springframework.boot.test.autoconfigure.restdocs.RestDocsTestExecutionListener, org.springframework.boot.test.autoconfigure.web.client.MockRestServiceServerResetTestExecutionListener, org.springframework.boot.test.autoconfigure.web.servlet.MockMvcPrintOnlyOnFailureTestExecutionListener, org.springframework.boot.test.autoconfigure.web.servlet.WebDriverTestExecutionListener, org.springframework.boot.test.mock.mockito.MockitoTestExecutionListener, org.springframework.boot.test.mock.mockito.ResetMocksTestExecutionListener, org.springframework.test.context.web.ServletTestExecutionListener, org.springframework.test.context.support.DirtiesContextBeforeModesTestExecutionListener, org.springframework.test.context.support.DependencyInjectionTestExecutionListener, org.springframework.test.context.support.DirtiesContextTestExecutionListener, org.springframework.test.context.transaction.TransactionalTestExecutionListener, org.springframework.test.context.jdbc.SqlScriptsTestExecutionListener, org.springframework.test.context.event.EventPublishingTestExecutionListener]
16:53:52.163 [Test worker] INFO org.springframework.boot.test.context.SpringBootTestContextBootstrapper - Using TestExecutionListeners: [org.springframework.test.context.web.ServletTestExecutionListener@127c0e9, org.springframework.test.context.support.DirtiesContextBeforeModesTestExecutionListener@1d1de0b, org.springframework.boot.test.mock.mockito.MockitoTestExecutionListener@171c955, org.springframework.boot.test.autoconfigure.SpringBootDependencyInjectionTestExecutionListener@187c590, org.springframework.test.context.support.DirtiesContextTestExecutionListener@fc6ac1, org.springframework.test.context.transaction.TransactionalTestExecutionListener@134c113, org.springframework.test.context.jdbc.SqlScriptsTestExecutionListener@5c8a41, org.springframework.test.context.event.EventPublishingTestExecutionListener@1f07f9f, org.springframework.boot.test.autoconfigure.restdocs.RestDocsTestExecutionListener@dbacc2, org.springframework.boot.test.autoconfigure.web.client.MockRestServiceServerResetTestExecutionListener@1cac253, org.springframework.boot.test.autoconfigure.web.servlet.MockMvcPrintOnlyOnFailureTestExecutionListener@1f840e9, org.springframework.boot.test.autoconfigure.web.servlet.WebDriverTestExecutionListener@1a8c20e, org.springframework.boot.test.mock.mockito.ResetMocksTestExecutionListener@96c105]
16:53:52.167 [Test worker] DEBUG org.springframework.test.context.support.AbstractDirtiesContextTestExecutionListener - Before test class: context [DefaultTestContext@813f89 testClass = SalonApiApplicationTests, testInstance = [null], testMethod = [null], testException = [null], mergedContextConfiguration = [WebMergedContextConfiguration@df2eed testClass = SalonApiApplicationTests, locations = '{}', classes = '{class com.salonapi.salonapi.SalonApiApplication}', contextInitializerClasses = '[]', activeProfiles = '{}', propertySourceLocations = '{}', propertySourceProperties = '{org.springframework.boot.test.context.SpringBootTestContextBootstrapper=true}', contextCustomizers = set[org.springframework.boot.test.autoconfigure.properties.PropertyMappingContextCustomizer@0, org.springframework.boot.test.autoconfigure.web.servlet.WebDriverContextCustomizerFactory$Customizer@e2f1e4, org.springframework.boot.test.context.filter.ExcludeFilterContextCustomizer@19dbda4, org.springframework.boot.test.json.DuplicateJsonObjectContextCustomizerFactory$DuplicateJsonObjectContextCustomizer@7c8e22, org.springframework.boot.test.mock.mockito.MockitoContextCustomizer@0, org.springframework.boot.test.web.client.TestRestTemplateContextCustomizer@67bfe3, org.springframework.boot.test.context.SpringBootTestArgs@1], resourceBasePath = 'src/main/webapp', contextLoader = 'org.springframework.boot.test.context.SpringBootContextLoader', parent = [null]], attributes = map['org.springframework.test.context.web.ServletTestExecutionListener.activateListener' -> true]], class annotated with @DirtiesContext [false] with mode [null].
16:53:52.207 [Test worker] DEBUG org.springframework.test.context.support.TestPropertySourceUtils - Adding inlined properties to environment: {spring.jmx.enabled=false, org.springframework.boot.test.context.SpringBootTestContextBootstrapper=true, server.port=-1}

  .   ____          _            __ _ _
 /\\ / ___'_ __ _ _(_)_ __  __ _ \ \ \ \
( ( )\___ | '_ | '_| | '_ \/ _` | \ \ \ \
 \\/  ___)| |_)| | | | | || (_| |  ) ) ) )
  '  |____| .__|_| |_|_| |_\__, | / / / /
 =========|_|==============|___/=/_/_/_/
 :: Spring Boot ::        (v2.2.9.RELEASE)

2020-09-20 16:53:52.601  INFO 9376 --- [    Test worker] c.s.salonapi.SalonApiApplicationTests    : Starting SalonApiApplicationTests on LUK-PC0HADM5 with PID 9376 (started by SCLARKSO in D:\Dev Projects\Spring tools 4 workspaces\salon-api)
2020-09-20 16:53:52.603  INFO 9376 --- [    Test worker] c.s.salonapi.SalonApiApplicationTests    : No active profile set, falling back to default profiles: default
2020-09-20 16:53:53.822  INFO 9376 --- [    Test worker] .s.d.r.c.RepositoryConfigurationDelegate : Bootstrapping Spring Data JPA repositories in DEFAULT mode.
2020-09-20 16:53:53.849  INFO 9376 --- [    Test worker] .s.d.r.c.RepositoryConfigurationDelegate : Finished Spring Data repository scanning in 18ms. Found 0 JPA repository interfaces.
2020-09-20 16:53:54.457  INFO 9376 --- [    Test worker] com.zaxxer.hikari.HikariDataSource       : HikariPool-1 - Starting...
2020-09-20 16:53:54.860  INFO 9376 --- [    Test worker] com.zaxxer.hikari.HikariDataSource       : HikariPool-1 - Start completed.
2020-09-20 16:53:54.937  INFO 9376 --- [    Test worker] o.hibernate.jpa.internal.util.LogHelper  : HHH000204: Processing PersistenceUnitInfo [name: default]
2020-09-20 16:53:55.011  INFO 9376 --- [    Test worker] org.hibernate.Version                    : HHH000412: Hibernate ORM core version 5.4.18.Final
2020-09-20 16:53:55.229  INFO 9376 --- [    Test worker] o.hibernate.annotations.common.Version   : HCANN000001: Hibernate Commons Annotations {5.1.0.Final}
2020-09-20 16:53:55.415  INFO 9376 --- [    Test worker] org.hibernate.dialect.Dialect            : HHH000400: Using dialect: org.hibernate.dialect.PostgreSQL10Dialect
2020-09-20 16:53:56.033  INFO 9376 --- [    Test worker] o.h.e.t.j.p.i.JtaPlatformInitiator       : HHH000490: Using JtaPlatform implementation: [org.hibernate.engine.transaction.jta.platform.internal.NoJtaPlatform]
2020-09-20 16:53:56.044  INFO 9376 --- [    Test worker] j.LocalContainerEntityManagerFactoryBean : Initialized JPA EntityManagerFactory for persistence unit 'default'
2020-09-20 16:53:56.415  WARN 9376 --- [    Test worker] JpaBaseConfiguration$JpaWebConfiguration : spring.jpa.open-in-view is enabled by default. Therefore, database queries may be performed during view rendering. Explicitly configure spring.jpa.open-in-view to disable this warning
2020-09-20 16:53:56.810  INFO 9376 --- [    Test worker] pertySourcedRequestMappingHandlerMapping : Mapped URL path [/v2/api-docs] onto method [springfox.documentation.swagger2.web.Swagger2Controller#getDocumentation(String, HttpServletRequest)]
2020-09-20 16:53:57.252  INFO 9376 --- [    Test worker] o.s.s.concurrent.ThreadPoolTaskExecutor  : Initializing ExecutorService 'applicationTaskExecutor'
2020-09-20 16:53:57.588  INFO 9376 --- [    Test worker] d.s.w.p.DocumentationPluginsBootstrapper : Context refreshed
2020-09-20 16:53:57.615  INFO 9376 --- [    Test worker] d.s.w.p.DocumentationPluginsBootstrapper : Found 1 custom documentation plugin(s)
2020-09-20 16:53:57.651  INFO 9376 --- [    Test worker] s.d.s.w.s.ApiListingReferenceScanner     : Scanning for api listing references
2020-09-20 16:53:57.802  INFO 9376 --- [    Test worker] c.s.salonapi.SalonApiApplicationTests    : Started SalonApiApplicationTests in 5.582 seconds (JVM running for 8.144)
]]></system-out>
  <system-err><![CDATA[]]></system-err>
</testsuite>
